<?xml version="1.0" encoding="UTF-8"?>
<!-- Generated by org.testng.reporters.JUnitXMLReporter -->
<testsuite ignored="0" hostname="DESKTOP-3FFEOHO" failures="0" tests="4" name="Edge Test" time="29.694" errors="0" timestamp="2022-03-07T17:31:08 IST">
  <testcase classname="AssertionAssg" name="verifyLoginApplication" time="0.241"/>
  <testcase classname="AssertionAssg" name="verifyLoginButtonColor" time="0.048"/>
  <testcase classname="AssertionAssg" name="verifyLoginImageDisply" time="0.066"/>
  <testcase classname="AssertionAssg" name="verifySearchButton" time="6.652"/>
</testsuite> <!-- Edge Test -->
