<?xml version="1.0" encoding="UTF-8"?>
<!-- Generated by org.testng.reporters.JUnitXMLReporter -->
<testsuite ignored="0" hostname="DESKTOP-3FFEOHO" failures="0" tests="4" name="Default test" time="0.061" errors="0" timestamp="2022-03-07T17:23:49 IST">
  <testcase classname="BasicCommand" name="testCase01" time="0.007"/>
  <testcase classname="BasicCommand" name="testCase03" time="0.002"/>
  <testcase classname="BasicCommand" name="testCase02" time="0.001"/>
  <testcase classname="BasicCommand" name="testCase04" time="0.0"/>
</testsuite> <!-- Default test -->
